[0.048s] Invoking command in '/home/hwl/per_workspace/control_plan/chapter4/ros2_lqr/build/vehicle_control': AMENT_PREFIX_PATH=/home/hwl/per_workspace/control_plan/chapter4/ros2_lqr/install/lgsvl_msgs:${AMENT_PREFIX_PATH} CMAKE_PREFIX_PATH=/home/hwl/per_workspace/control_plan/chapter4/ros2_lqr/install/lgsvl_msgs:${CMAKE_PREFIX_PATH} LD_LIBRARY_PATH=/home/hwl/per_workspace/control_plan/chapter4/ros2_lqr/install/lgsvl_msgs/lib:${LD_LIBRARY_PATH} PYTHONPATH=/home/hwl/per_workspace/control_plan/chapter4/ros2_lqr/install/lgsvl_msgs/lib/python3.8/site-packages:${PYTHONPATH} /usr/bin/cmake --build /home/hwl/per_workspace/control_plan/chapter4/ros2_lqr/build/vehicle_control -- -j16 -l16
[0.106s] -- Found ament_cmake: 1.5.1 (/opt/ros/rolling/share/ament_cmake/cmake)
[0.448s] -- Found std_msgs: 4.6.0 (/opt/ros/rolling/share/std_msgs/cmake)
[0.491s] -- Found rosidl_generator_c: 3.3.0 (/opt/ros/rolling/share/rosidl_generator_c/cmake)
[0.502s] -- Found rosidl_generator_cpp: 3.3.0 (/opt/ros/rolling/share/rosidl_generator_cpp/cmake)
[0.518s] -- Using all available rosidl_typesupport_c: rosidl_typesupport_fastrtps_c;rosidl_typesupport_introspection_c
[0.542s] -- Using all available rosidl_typesupport_cpp: rosidl_typesupport_fastrtps_cpp;rosidl_typesupport_introspection_cpp
[0.626s] -- Found nav_msgs: 4.6.0 (/opt/ros/rolling/share/nav_msgs/cmake)
[0.827s] -- Found rclcpp: 17.1.0 (/opt/ros/rolling/share/rclcpp/cmake)
[0.901s] -- Found rmw_implementation_cmake: 6.3.1 (/opt/ros/rolling/share/rmw_implementation_cmake/cmake)
[0.903s] -- Found rmw_cyclonedds_cpp: 1.4.1 (/opt/ros/rolling/share/rmw_cyclonedds_cpp/cmake)
[0.951s] -- Using RMW implementation 'rmw_cyclonedds_cpp' as default
[1.126s] -- Found lgsvl_msgs: 0.0.4 (/home/hwl/per_workspace/control_plan/chapter4/ros2_lqr/install/lgsvl_msgs/share/lgsvl_msgs/cmake)
[1.473s] -- Found tf2: 0.27.0 (/opt/ros/rolling/share/tf2/cmake)
[1.490s] -- Found ament_lint_auto: 0.13.2 (/opt/ros/rolling/share/ament_lint_auto/cmake)
[1.595s] -- Added test 'copyright' to check source files copyright and LICENSE
[1.597s] -- Added test 'cppcheck' to perform static code analysis on C / C++ code
[1.597s] -- Configured cppcheck include dirs: $<BUILD_INTERFACE:/home/hwl/per_workspace/control_plan/chapter4/ros2_lqr/lqr_galactic_wtih_todo_ws/src/vehicle_control/include>
[1.597s] -- Configured cppcheck exclude dirs and/or files: 
[1.599s] -- Added test 'cpplint' to check C / C++ code against the Google style
[1.599s] -- Configured cpplint exclude dirs and/or files: 
[1.600s] -- Added test 'lint_cmake' to check CMake code style
[1.602s] -- Added test 'uncrustify' to check C / C++ code style
[1.603s] -- Configured uncrustify additional arguments: 
[1.603s] -- Added test 'xmllint' to check XML markup files
[1.607s] -- Configuring done
[1.622s] -- Generating done
[1.624s] -- Build files have been written to: /home/hwl/per_workspace/control_plan/chapter4/ros2_lqr/build/vehicle_control
[1.687s] [35m[1mScanning dependencies of target vehicle_control_node[0m
[1.741s] [ 25%] [32mBuilding CXX object CMakeFiles/vehicle_control_node.dir/src/reference_line.cpp.o[0m
[1.745s] [ 50%] [32mBuilding CXX object CMakeFiles/vehicle_control_node.dir/src/vehicle_control.cpp.o[0m
[1.747s] [ 75%] [32mBuilding CXX object CMakeFiles/vehicle_control_node.dir/src/pid_controller.cpp.o[0m
[2.104s] In file included from [01m[K/home/hwl/per_workspace/control_plan/chapter4/ros2_lqr/lqr_galactic_wtih_todo_ws/src/vehicle_control/src/vehicle_control.cpp:1[m[K:
[2.104s] [01m[K/home/hwl/per_workspace/control_plan/chapter4/ros2_lqr/lqr_galactic_wtih_todo_ws/src/vehicle_control/include/vehicle_control/common.h:19:10:[m[K [01;31m[Kfatal error: [m[Ktf2_geometry_msgs/tf2_geometry_msgs.h: No such file or directory
[2.105s]    19 | #include [01;31m[K<tf2_geometry_msgs/tf2_geometry_msgs.h>[m[K
[2.105s]       |          [01;31m[K^~~~~~~~~~~~~~~~~~~~~~~~~~~~~~~~~~~~~~~[m[K
[2.105s] compilation terminated.
[2.109s] make[2]: *** [CMakeFiles/vehicle_control_node.dir/build.make:63: CMakeFiles/vehicle_control_node.dir/src/vehicle_control.cpp.o] Error 1
[2.109s] make[2]: *** Waiting for unfinished jobs....
[2.384s] make[1]: *** [CMakeFiles/Makefile2:78: CMakeFiles/vehicle_control_node.dir/all] Error 2
[2.384s] make: *** [Makefile:141: all] Error 2
[2.389s] Invoked command in '/home/hwl/per_workspace/control_plan/chapter4/ros2_lqr/build/vehicle_control' returned '2': AMENT_PREFIX_PATH=/home/hwl/per_workspace/control_plan/chapter4/ros2_lqr/install/lgsvl_msgs:${AMENT_PREFIX_PATH} CMAKE_PREFIX_PATH=/home/hwl/per_workspace/control_plan/chapter4/ros2_lqr/install/lgsvl_msgs:${CMAKE_PREFIX_PATH} LD_LIBRARY_PATH=/home/hwl/per_workspace/control_plan/chapter4/ros2_lqr/install/lgsvl_msgs/lib:${LD_LIBRARY_PATH} PYTHONPATH=/home/hwl/per_workspace/control_plan/chapter4/ros2_lqr/install/lgsvl_msgs/lib/python3.8/site-packages:${PYTHONPATH} /usr/bin/cmake --build /home/hwl/per_workspace/control_plan/chapter4/ros2_lqr/build/vehicle_control -- -j16 -l16
