[0.075s] Invoking command in '/home/hwl/per_workspace/control_plan/chapter4/ros2_lqr/build/lqr_controller': AMENT_PREFIX_PATH=/home/hwl/per_workspace/control_plan/chapter4/ros2_lqr/install/lgsvl_msgs:${AMENT_PREFIX_PATH} CMAKE_PREFIX_PATH=/home/hwl/per_workspace/control_plan/chapter4/ros2_lqr/install/lgsvl_msgs:${CMAKE_PREFIX_PATH} LD_LIBRARY_PATH=/home/hwl/per_workspace/control_plan/chapter4/ros2_lqr/install/lgsvl_msgs/lib:${LD_LIBRARY_PATH} PYTHONPATH=/home/hwl/per_workspace/control_plan/chapter4/ros2_lqr/install/lgsvl_msgs/lib/python3.8/site-packages:${PYTHONPATH} /usr/bin/cmake --build /home/hwl/per_workspace/control_plan/chapter4/ros2_lqr/build/lqr_controller -- -j16 -l16
[0.185s] [35m[1mScanning dependencies of target lqr_lateral_pid_longitudinal[0m
[0.293s] [ 20%] [32mBuilding CXX object CMakeFiles/lqr_lateral_pid_longitudinal.dir/src/lqr_controller.cpp.o[0m
[0.719s] In file included from [01m[K/home/hwl/per_workspace/control_plan/chapter4/ros2_lqr/lqr_galactic_wtih_todo_ws/src/lqr_controller/include/lqr_controller/common.h:19[m[K,
[0.719s]                  from [01m[K/home/hwl/per_workspace/control_plan/chapter4/ros2_lqr/lqr_galactic_wtih_todo_ws/src/lqr_controller/include/lqr_controller/lqr_controller.h:12[m[K,
[0.720s]                  from [01m[K/home/hwl/per_workspace/control_plan/chapter4/ros2_lqr/lqr_galactic_wtih_todo_ws/src/lqr_controller/src/lqr_controller.cpp:1[m[K:
[0.720s] [01m[K/opt/ros/rolling/include/tf2_geometry_msgs/tf2_geometry_msgs/tf2_geometry_msgs.h:35:2:[m[K [01;35m[Kwarning: [m[K#warning This header is obsolete, please include tf2_geometry_msgs/tf2_geometry_msgs.hpp instead [[01;35m[K-Wcpp[m[K]
[0.720s]    35 | #[01;35m[Kwarning[m[K This header is obsolete, please include tf2_geometry_msgs/tf2_geometry_msgs.hpp instead
[0.720s]       |  [01;35m[K^~~~~~~[m[K
[7.113s] [01m[K/home/hwl/per_workspace/control_plan/chapter4/ros2_lqr/lqr_galactic_wtih_todo_ws/src/lqr_controller/src/lqr_controller.cpp:[m[K In member function â€˜[01m[Kdouble shenlan::control::LqrController::ComputeFeedForward(const VehicleState&, double)[m[Kâ€™:
[7.114s] [01m[K/home/hwl/per_workspace/control_plan/chapter4/ros2_lqr/lqr_galactic_wtih_todo_ws/src/lqr_controller/src/lqr_controller.cpp:225:67:[m[K [01;35m[Kwarning: [m[Kvalue computed is not used [[01;35m[K-Wunused-value[m[K]
[7.114s]   224 |   [01;35m[Kwheelbase_ *ref_curv_ +[m[K
[7.114s]       |   [01;35m[K~~~~~~~~~~~~~~~~~~~~~~~[m[K                                          
[7.115s]   225 | [01;35m[K      kv *localization.velocity *localization.velocity *ref_curv_ -[m[K
[7.115s]       |       [01;35m[K~~~~~~~~~~~~~~~~~~~~~~~~~~~~~~~~~~~~~~~~~~~~~~~~~~~~~~~~~~~~^[m[K
[7.115s]   226 | [01;35m[K      matrix_k_(0, 2) *[m[K
[7.115s]       |       [01;35m[K~~~~~~~~~~~~~~~~~[m[K                                            
[7.116s]   227 | [01;35m[K          (lr_ * ref_curv_ -[m[K
[7.116s]       |           [01;35m[K~~~~~~~~~~~~~~~~~~[m[K                                       
[7.116s]   228 | [01;35m[K           lf_ * mass_ * localization.velocity * localization.velocity *[m[K
[7.116s]       |            [01;35m[K~~~~~~~~~~~~~~~~~~~~~~~~~~~~~~~~~~~~~~~~~~~~~~~~~~~~~~~~~~~~~[m[K
[7.117s]   229 | [01;35m[K               ref_curv_ / (2 * cr_ * wheelbase_))[m[K;
[7.117s]       |                [01;35m[K~~~~~~~~~~~~~~~~~~~~~~~~~~~~~~~~~~~[m[K                 
[7.117s] [01m[K/home/hwl/per_workspace/control_plan/chapter4/ros2_lqr/lqr_galactic_wtih_todo_ws/src/lqr_controller/src/lqr_controller.cpp:230:1:[m[K [01;35m[Kwarning: [m[Kno return statement in function returning non-void [[01;35m[K-Wreturn-type[m[K]
[7.117s]   230 | [01;35m[K}[m[K
[7.117s]       | [01;35m[K^[m[K
[7.118s] [01m[K/home/hwl/per_workspace/control_plan/chapter4/ros2_lqr/lqr_galactic_wtih_todo_ws/src/lqr_controller/src/lqr_controller.cpp:221:55:[m[K [01;35m[Kwarning: [m[Kunused parameter â€˜[01m[Kref_curvature[m[Kâ€™ [[01;35m[K-Wunused-parameter[m[K]
[7.118s]   221 |                                          [01;35m[Kconst double ref_curvature[m[K) {
[7.118s]       |                                          [01;35m[K~~~~~~~~~~~~~^~~~~~~~~~~~~[m[K
[7.118s] [01m[K/home/hwl/per_workspace/control_plan/chapter4/ros2_lqr/lqr_galactic_wtih_todo_ws/src/lqr_controller/src/lqr_controller.cpp:[m[K In member function â€˜[01m[Kvoid shenlan::control::LqrController::ComputeLateralErrors(double, double, double, double, double, double, LateralControlErrorPtr&)[m[Kâ€™:
[7.119s] [01m[K/home/hwl/per_workspace/control_plan/chapter4/ros2_lqr/lqr_galactic_wtih_todo_ws/src/lqr_controller/src/lqr_controller.cpp:248:15:[m[K [01;31m[Kerror: [m[Kâ€˜[01m[KLateralControlErrorPtr[m[Kâ€™ {aka â€˜[01m[Kclass std::shared_ptr<LateralControlError>[m[Kâ€™} has no member named â€˜[01m[Klateral_error[m[Kâ€™
[7.119s]   248 |   lat_con_err.[01;31m[Klateral_error[m[K = lateral_error;
[7.119s]       |               [01;31m[K^~~~~~~~~~~~~[m[K
[7.120s] [01m[K/home/hwl/per_workspace/control_plan/chapter4/ros2_lqr/lqr_galactic_wtih_todo_ws/src/lqr_controller/src/lqr_controller.cpp:249:15:[m[K [01;31m[Kerror: [m[Kâ€˜[01m[KLateralControlErrorPtr[m[Kâ€™ {aka â€˜[01m[Kclass std::shared_ptr<LateralControlError>[m[Kâ€™} has no member named â€˜[01m[Kheading_error[m[Kâ€™
[7.120s]   249 |   lat_con_err.[01;31m[Kheading_error[m[K = heading_error;
[7.121s]       |               [01;31m[K^~~~~~~~~~~~~[m[K
[7.121s] [01m[K/home/hwl/per_workspace/control_plan/chapter4/ros2_lqr/lqr_galactic_wtih_todo_ws/src/lqr_controller/src/lqr_controller.cpp:250:15:[m[K [01;31m[Kerror: [m[Kâ€˜[01m[KLateralControlErrorPtr[m[Kâ€™ {aka â€˜[01m[Kclass std::shared_ptr<LateralControlError>[m[Kâ€™} has no member named â€˜[01m[Klateral_error_rate[m[Kâ€™
[7.121s]   250 |   lat_con_err.[01;31m[Klateral_error_rate[m[K = lateral_error_rate;
[7.122s]       |               [01;31m[K^~~~~~~~~~~~~~~~~~[m[K
[7.122s] [01m[K/home/hwl/per_workspace/control_plan/chapter4/ros2_lqr/lqr_galactic_wtih_todo_ws/src/lqr_controller/src/lqr_controller.cpp:251:15:[m[K [01;31m[Kerror: [m[Kâ€˜[01m[KLateralControlErrorPtr[m[Kâ€™ {aka â€˜[01m[Kclass std::shared_ptr<LateralControlError>[m[Kâ€™} has no member named â€˜[01m[Kheading_error_rate[m[Kâ€™
[7.123s]   251 |   lat_con_err.[01;31m[Kheading_error_rate[m[K = heading_error_rate;
[7.123s]       |               [01;31m[K^~~~~~~~~~~~~~~~~~[m[K
[7.123s] [01m[K/home/hwl/per_workspace/control_plan/chapter4/ros2_lqr/lqr_galactic_wtih_todo_ws/src/lqr_controller/src/lqr_controller.cpp:237:55:[m[K [01;35m[Kwarning: [m[Kunused parameter â€˜[01m[Klinear_a[m[Kâ€™ [[01;35m[K-Wunused-parameter[m[K]
[7.123s]   237 |                                          [01;35m[Kconst double linear_a[m[K,
[7.124s]       |                                          [01;35m[K~~~~~~~~~~~~~^~~~~~~~[m[K
[7.327s] [01m[K/home/hwl/per_workspace/control_plan/chapter4/ros2_lqr/lqr_galactic_wtih_todo_ws/src/lqr_controller/src/lqr_controller.cpp:[m[K In member function â€˜[01m[Kvoid shenlan::control::LqrController::SolveLQRProblem(const Matrix&, const Matrix&, const Matrix&, const Matrix&, double, uint, shenlan::control::Matrix*)[m[Kâ€™:
[7.327s] [01m[K/home/hwl/per_workspace/control_plan/chapter4/ros2_lqr/lqr_galactic_wtih_todo_ws/src/lqr_controller/src/lqr_controller.cpp:350:40:[m[K [01;31m[Kerror: [m[Kcannot convert â€˜[01m[Kconst Eigen::Product<Eigen::Product<Eigen::Product<Eigen::Inverse<Eigen::CwiseBinaryOp<Eigen::internal::scalar_sum_op<double, double>, const Eigen::Matrix<double, -1, -1>, const Eigen::Product<Eigen::Product<Eigen::Transpose<Eigen::Matrix<double, -1, -1> >, Eigen::Matrix<double, -1, -1>, 0>, Eigen::Matrix<double, -1, -1>, 0> > >, Eigen::Transpose<Eigen::Matrix<double, -1, -1> >, 0>, Eigen::Matrix<double, -1, -1>, 0>, Eigen::Matrix<double, -1, -1>, 0>[m[Kâ€™ to â€˜[01m[Kshenlan::control::Matrix*[m[Kâ€™ {aka â€˜[01m[KEigen::Matrix<double, -1, -1>*[m[Kâ€™} in assignment
[7.327s]   349 |     ptr_K = [01;31m[K(matrix_r_ + matrix_bd_.transpose() * P * matrix_bd_).inverse() *[m[K
[7.328s]       |             [01;31m[K~~~~~~~~~~~~~~~~~~~~~~~~~~~~~~~~~~~~~~~~~~~~~~~~~~~~~~~~~~~~~~~~~[m[K
[7.328s]   350 | [01;31m[K            matrix_bd_.transpose() * P * matrix_ad_[m[K;
[7.328s]       |             [01;31m[K~~~~~~~~~~~~~~~~~~~~~~~~~~~^~~~~~~~~~~~[m[K
[7.329s]       |                                        [01;31m[K|[m[K
[7.329s]       |                                        [01;31m[Kconst Eigen::Product<Eigen::Product<Eigen::Product<Eigen::Inverse<Eigen::CwiseBinaryOp<Eigen::internal::scalar_sum_op<double, double>, const Eigen::Matrix<double, -1, -1>, const Eigen::Product<Eigen::Product<Eigen::Transpose<Eigen::Matrix<double, -1, -1> >, Eigen::Matrix<double, -1, -1>, 0>, Eigen::Matrix<double, -1, -1>, 0> > >, Eigen::Transpose<Eigen::Matrix<double, -1, -1> >, 0>, Eigen::Matrix<double, -1, -1>, 0>, Eigen::Matrix<double, -1, -1>, 0>[m[K
[9.198s] make[2]: *** [CMakeFiles/lqr_lateral_pid_longitudinal.dir/build.make:102: CMakeFiles/lqr_lateral_pid_longitudinal.dir/src/lqr_controller.cpp.o] Error 1
[9.198s] make[1]: *** [CMakeFiles/Makefile2:78: CMakeFiles/lqr_lateral_pid_longitudinal.dir/all] Error 2
[9.199s] make: *** [Makefile:141: all] Error 2
[9.204s] Invoked command in '/home/hwl/per_workspace/control_plan/chapter4/ros2_lqr/build/lqr_controller' returned '2': AMENT_PREFIX_PATH=/home/hwl/per_workspace/control_plan/chapter4/ros2_lqr/install/lgsvl_msgs:${AMENT_PREFIX_PATH} CMAKE_PREFIX_PATH=/home/hwl/per_workspace/control_plan/chapter4/ros2_lqr/install/lgsvl_msgs:${CMAKE_PREFIX_PATH} LD_LIBRARY_PATH=/home/hwl/per_workspace/control_plan/chapter4/ros2_lqr/install/lgsvl_msgs/lib:${LD_LIBRARY_PATH} PYTHONPATH=/home/hwl/per_workspace/control_plan/chapter4/ros2_lqr/install/lgsvl_msgs/lib/python3.8/site-packages:${PYTHONPATH} /usr/bin/cmake --build /home/hwl/per_workspace/control_plan/chapter4/ros2_lqr/build/lqr_controller -- -j16 -l16
